# JRE version: OpenJDK Runtime Environment (21.0.9) (build 21.0.9+-14787801-b1163.94)
# Java VM: OpenJDK 64-Bit Server VM (21.0.9+-14787801-b1163.94, mixed mode, tiered, compressed oops, compressed class ptrs, g1 gc, windows-amd64)
GC Precious Log:
 CardTable entry size: 512
 Card Set container configuration: InlinePtr #cards 4 size 8 Array Of Cards #cards 32 size 80 Howl #buckets 8 coarsen threshold 7372 Howl Bitmap #cards 1024 size 144 coarsen threshold 921 Card regions per heap region 1 cards per card region 8192
 CPUs: 12 total, 12 available
 Memory: 16085M
 Large Page Support: Disabled
 NUMA Support: Disabled
 Compressed Oops: Enabled (Zero based)
 Heap Region Size: 4M
 Heap Min Capacity: 8M
 Heap Initial Capacity: 252M
 Heap Max Capacity: 8G
 Pre-touch: Disabled
 Parallel Workers: 10
 Concurrent Workers: 3
 Concurrent Refinement Workers: 10
 Periodic GC: Disabled
Heap:
 garbage-first heap   total 1249280K, used 471772K [0x0000000600000000, 0x0000000800000000)
  region size 4096K, 4 young (16384K), 4 survivors (16384K)
 Metaspace       used 282160K, committed 285504K, reserved 1310720K
  class space    used 36333K, committed 37952K, reserved 1048576K
GC Heap History (20 events):
Event: 150.600 GC heap after
{Heap after GC invocations=104 (full 0):
 garbage-first heap   total 860160K, used 429983K [0x0000000600000000, 0x0000000800000000)
  region size 4096K, 6 young (24576K), 6 survivors (24576K)
 Metaspace       used 278194K, committed 281408K, reserved 1310720K
  class space    used 35912K, committed 37440K, reserved 1048576K
}
Event: 154.050 GC heap before
{Heap before GC invocations=104 (full 0):
 garbage-first heap   total 860160K, used 806815K [0x0000000600000000, 0x0000000800000000)
  region size 4096K, 99 young (405504K), 6 survivors (24576K)
 Metaspace       used 281506K, committed 284800K, reserved 1310720K
  class space    used 36262K, committed 37824K, reserved 1048576K
}
Event: 154.062 GC heap after
{Heap after GC invocations=105 (full 0):
 garbage-first heap   total 860160K, used 424241K [0x0000000600000000, 0x0000000800000000)
  region size 4096K, 4 young (16384K), 4 survivors (16384K)
 Metaspace       used 281506K, committed 284800K, reserved 1310720K
  class space    used 36262K, committed 37824K, reserved 1048576K
}
Event: 155.473 GC heap before
{Heap before GC invocations=106 (full 0):
 garbage-first heap   total 860160K, used 809265K [0x0000000600000000, 0x0000000800000000)
  region size 4096K, 99 young (405504K), 4 survivors (16384K)
 Metaspace       used 281922K, committed 285120K, reserved 1310720K
  class space    used 36297K, committed 37824K, reserved 1048576K
}
Event: 155.492 GC heap after
{Heap after GC invocations=107 (full 0):
 garbage-first heap   total 860160K, used 452603K [0x0000000600000000, 0x0000000800000000)
  region size 4096K, 11 young (45056K), 11 survivors (45056K)
 Metaspace       used 281922K, committed 285120K, reserved 1310720K
  class space    used 36297K, committed 37824K, reserved 1048576K
}
Event: 156.070 GC heap before
{Heap before GC invocations=107 (full 0):
 garbage-first heap   total 860160K, used 808955K [0x0000000600000000, 0x0000000800000000)
  region size 4096K, 98 young (401408K), 11 survivors (45056K)
 Metaspace       used 282364K, committed 285632K, reserved 1310720K
  class space    used 36358K, committed 37888K, reserved 1048576K
}
Event: 156.095 GC heap after
{Heap after GC invocations=108 (full 0):
 garbage-first heap   total 872448K, used 457494K [0x0000000600000000, 0x0000000800000000)
  region size 4096K, 3 young (12288K), 3 survivors (12288K)
 Metaspace       used 282364K, committed 285632K, reserved 1310720K
  class space    used 36358K, committed 37888K, reserved 1048576K
}
Event: 156.897 GC heap before
{Heap before GC invocations=108 (full 0):
 garbage-first heap   total 872448K, used 822038K [0x0000000600000000, 0x0000000800000000)
  region size 4096K, 92 young (376832K), 3 survivors (12288K)
 Metaspace       used 282620K, committed 285888K, reserved 1310720K
  class space    used 36374K, committed 37952K, reserved 1048576K
}
Event: 156.904 GC heap after
{Heap after GC invocations=109 (full 0):
 garbage-first heap   total 872448K, used 457412K [0x0000000600000000, 0x0000000800000000)
  region size 4096K, 3 young (12288K), 3 survivors (12288K)
 Metaspace       used 282620K, committed 285888K, reserved 1310720K
  class space    used 36374K, committed 37952K, reserved 1048576K
}
Event: 157.644 GC heap before
{Heap before GC invocations=110 (full 0):
 garbage-first heap   total 872448K, used 821956K [0x0000000600000000, 0x0000000800000000)
  region size 4096K, 92 young (376832K), 3 survivors (12288K)
 Metaspace       used 281746K, committed 285504K, reserved 1310720K
  class space    used 36298K, committed 37952K, reserved 1048576K
}
Event: 157.656 GC heap after
{Heap after GC invocations=111 (full 0):
 garbage-first heap   total 872448K, used 463767K [0x0000000600000000, 0x0000000800000000)
  region size 4096K, 5 young (20480K), 5 survivors (20480K)
 Metaspace       used 281746K, committed 285504K, reserved 1310720K
  class space    used 36298K, committed 37952K, reserved 1048576K
}
Event: 158.187 GC heap before
{Heap before GC invocations=111 (full 0):
 garbage-first heap   total 872448K, used 816023K [0x0000000600000000, 0x0000000800000000)
  region size 4096K, 92 young (376832K), 5 survivors (20480K)
 Metaspace       used 281884K, committed 285504K, reserved 1310720K
  class space    used 36301K, committed 37952K, reserved 1048576K
}
Event: 158.925 GC heap after
{Heap after GC invocations=112 (full 0):
 garbage-first heap   total 1249280K, used 461023K [0x0000000600000000, 0x0000000800000000)
  region size 4096K, 5 young (20480K), 5 survivors (20480K)
 Metaspace       used 281884K, committed 285504K, reserved 1310720K
  class space    used 36301K, committed 37952K, reserved 1048576K
}
Event: 158.976 GC heap before
{Heap before GC invocations=112 (full 0):
 garbage-first heap   total 1249280K, used 501983K [0x0000000600000000, 0x0000000800000000)
  region size 4096K, 15 young (61440K), 5 survivors (20480K)
 Metaspace       used 281892K, committed 285504K, reserved 1310720K
  class space    used 36301K, committed 37952K, reserved 1048576K
}
Event: 158.985 GC heap after
{Heap after GC invocations=113 (full 0):
 garbage-first heap   total 1249280K, used 463111K [0x0000000600000000, 0x0000000800000000)
  region size 4096K, 1 young (4096K), 1 survivors (4096K)
 Metaspace       used 281892K, committed 285504K, reserved 1310720K
  class space    used 36301K, committed 37952K, reserved 1048576K
}
Event: 159.112 GC heap before
{Heap before GC invocations=113 (full 0):
 garbage-first heap   total 1249280K, used 520455K [0x0000000600000000, 0x0000000800000000)
  region size 4096K, 15 young (61440K), 1 survivors (4096K)
 Metaspace       used 281899K, committed 285504K, reserved 1310720K
  class space    used 36301K, committed 37952K, reserved 1048576K
}
Event: 159.117 GC heap after
{Heap after GC invocations=114 (full 0):
 garbage-first heap   total 1249280K, used 463709K [0x0000000600000000, 0x0000000800000000)
  region size 4096K, 2 young (8192K), 2 survivors (8192K)
 Metaspace       used 281899K, committed 285504K, reserved 1310720K
  class space    used 36301K, committed 37952K, reserved 1048576K
}
Event: 159.175 GC heap before
{Heap before GC invocations=114 (full 0):
 garbage-first heap   total 1249280K, used 516957K [0x0000000600000000, 0x0000000800000000)
  region size 4096K, 15 young (61440K), 2 survivors (8192K)
 Metaspace       used 281901K, committed 285504K, reserved 1310720K
  class space    used 36301K, committed 37952K, reserved 1048576K
}
Event: 159.177 GC heap after
{Heap after GC invocations=115 (full 0):
 garbage-first heap   total 1249280K, used 464162K [0x0000000600000000, 0x0000000800000000)
  region size 4096K, 2 young (8192K), 2 survivors (8192K)
 Metaspace       used 281901K, committed 285504K, reserved 1310720K
  class space    used 36301K, committed 37952K, reserved 1048576K
}
Event: 160.013 GC heap before
{Heap before GC invocations=115 (full 0):
 garbage-first heap   total 1249280K, used 1172770K [0x0000000600000000, 0x0000000800000000)
  region size 4096K, 176 young (720896K), 2 survivors (8192K)
 Metaspace       used 282160K, committed 285504K, reserved 1310720K
  class space    used 36333K, committed 37952K, reserved 1048576K
}

